📦 Installation...
npm warn using --force Recommended protections disabled.

up to date in 313ms
🏗️ Build du projet...

> build
> vite build

vite v5.4.21 building for production...
transforming...
✓ 26 modules transformed.
rendering chunks...
computing gzip size...
dist/index.html                   1.22 kB │ gzip:  0.63 kB
dist/assets/index-DF1z9VTO.css   14.09 kB │ gzip:  3.56 kB
dist/assets/index-DEJx5Bkm.js   144.73 kB │ gzip: 46.83 kB
✓ built in 1.16s

> sharp@0.33.5 install
> node install/check


> esbuild@0.25.4 postinstall
> node install.js


> workerd@1.20251008.0 postinstall
> node install.js

/data/data/com.termux/files/home/.npm-global/lib/node_modules/wrangler/node_modules/workerd/install.js:43
    throw new Error(`Unsupported platform: ${platformKey}`);
          ^

Error: Unsupported platform: android arm64 LE
    at pkgAndSubpathForCurrentPlatform (/data/data/com.termux/files/home/.npm-global/lib/node_modules/wrangler/node_modules/workerd/install.js:43:11)
    at checkAndPreparePackage (/data/data/com.termux/files/home/.npm-global/lib/node_modules/wrangler/node_modules/workerd/install.js:216:28)
    at Object.<anonymous> (/data/data/com.termux/files/home/.npm-global/lib/node_modules/wrangler/node_modules/workerd/install.js:245:1)
    at Module._compile (node:internal/modules/cjs/loader:1706:14)
    at Module._extensions..js (node:internal/modules/cjs/loader:1839:10)
    at Module.load (node:internal/modules/cjs/loader:1441:32)
    at Module._load (node:internal/modules/cjs/loader:1263:12)
    at TracingChannel.traceSync (node:diagnostics_channel:322:14)
    at wrapModuleLoad (node:internal/modules/cjs/loader:237:24)
    at Function.executeUserEntryPoint [as runMain] (node:internal/modules/run_main:171:5)

Node.js v22.20.0
npm error code 1
npm error path /data/data/com.termux/files/home/.npm-global/lib/node_modules/wrangler/node_modules/workerd
npm error command failed
npm error command sh -c node install.js
npm error A complete log of this run can be found in: /data/data/com.termux/files/home/.npm/_logs/2025-10-20T18_01_45_640Z-debug-0.log
♻️ Tentative de redéploiement automatique...
