0 verbose cli /data/data/com.termux/files/usr/bin/node /data/data/com.termux/files/usr/lib/node_modules/npm/bin/npm-cli.js
1 info using npm@10.9.3
2 info using node@v22.20.0
3 silly config load:file:/data/data/com.termux/files/usr/lib/node_modules/npm/npmrc
4 warn config optional Use `--omit=optional` to exclude optional dependencies, or
4 warn config `--include=optional` to include them.
4 warn config
4 warn config       Default value does install optional deps unless otherwise omitted.
5 silly config load:file:/storage/emulated/0/SentinelQuantumVanguardAiPro/.npmrc
6 silly config load:file:/data/data/com.termux/files/home/.npmrc
7 silly config load:file:/sdcard/npm-global/etc/npmrc
8 verbose title npm exec vite build
9 verbose argv "exec" "--" "vite" "build"
10 verbose logfile logs-max:10 dir:/data/data/com.termux/files/home/SentinelQuantumVanguardAiPro/.npm-tmp/_logs/2025-10-11T21_42_21_197Z-
11 verbose logfile /data/data/com.termux/files/home/SentinelQuantumVanguardAiPro/.npm-tmp/_logs/2025-10-11T21_42_21_197Z-debug-0.log
12 silly logfile start cleaning logs, removing 1 files
13 silly logfile done cleaning log files
14 silly packumentCache heap:1098907648 maxSize:274726912 maxEntrySize:137363456
15 http fetch GET 200 https://registry.npmjs.org/vite 581ms (cache revalidated)
16 silly packumentCache heap:1098907648 maxSize:274726912 maxEntrySize:137363456
17 verbose Could not read global path /sdcard/npm-global/lib, ignoring
18 silly packumentCache heap:1098907648 maxSize:274726912 maxEntrySize:137363456
19 verbose stack Error: canceled
19 verbose stack     at exec (/data/data/com.termux/files/usr/lib/node_modules/npm/node_modules/libnpmexec/lib/index.js:286:19)
19 verbose stack     at process.processTicksAndRejections (node:internal/process/task_queues:105:5)
19 verbose stack     at async Npm.exec (/data/data/com.termux/files/usr/lib/node_modules/npm/lib/npm.js:207:9)
19 verbose stack     at async module.exports (/data/data/com.termux/files/usr/lib/node_modules/npm/lib/cli/entry.js:67:5)
20 error canceled
21 verbose cwd /storage/emulated/0/SentinelQuantumVanguardAiPro
22 verbose os Linux 6.1.138-android14-11
23 verbose node v22.20.0
24 verbose npm  v10.9.3
25 verbose exit 1
26 verbose code 1
27 error A complete log of this run can be found in: /data/data/com.termux/files/home/SentinelQuantumVanguardAiPro/.npm-tmp/_logs/2025-10-11T21_42_21_197Z-debug-0.log
