0 verbose cli /data/data/com.termux/files/usr/bin/node /data/data/com.termux/files/usr/bin/npm
1 info using npm@10.9.3
2 info using node@v22.20.0
3 silly config load:file:/data/data/com.termux/files/usr/lib/node_modules/npm/npmrc
4 warn config optional Use `--omit=optional` to exclude optional dependencies, or
4 warn config `--include=optional` to include them.
4 warn config
4 warn config       Default value does install optional deps unless otherwise omitted.
5 silly config load:file:/storage/emulated/0/SentinelQuantumVanguardAiPro/.npmrc
6 silly config load:file:/data/data/com.termux/files/home/.npmrc
7 silly config load:file:/sdcard/npm-global/etc/npmrc
8 verbose title npm cache clean
9 verbose argv "cache" "clean" "--force"
10 verbose logfile logs-max:10 dir:/data/data/com.termux/files/home/SentinelQuantumVanguardAiPro/.npm-tmp/_logs/2025-10-11T21_41_55_253Z-
11 verbose logfile /data/data/com.termux/files/home/SentinelQuantumVanguardAiPro/.npm-tmp/_logs/2025-10-11T21_41_55_253Z-debug-0.log
12 warn using --force Recommended protections disabled.
13 silly logfile start cleaning logs, removing 1 files
14 silly logfile done cleaning log files
15 verbose cwd /storage/emulated/0/SentinelQuantumVanguardAiPro
16 verbose os Linux 6.1.138-android14-11
17 verbose node v22.20.0
18 verbose npm  v10.9.3
19 verbose exit 0
20 info ok
