🧠 [12:02:07] Lancement du déploiement Sentinel...
🧹 Nettoyage cache & modules...
node:internal/modules/cjs/loader:1386
  throw err;
  ^

Error: Cannot find module '/data/data/com.termux/files/usr/bin/node_modules/npm/bin/npm-prefix.js'
    at Module._resolveFilename (node:internal/modules/cjs/loader:1383:15)
    at defaultResolveImpl (node:internal/modules/cjs/loader:1025:19)
    at resolveForCJSWithHooks (node:internal/modules/cjs/loader:1030:22)
    at Module._load (node:internal/modules/cjs/loader:1192:37)
    at TracingChannel.traceSync (node:diagnostics_channel:322:14)
    at wrapModuleLoad (node:internal/modules/cjs/loader:237:24)
    at Function.executeUserEntryPoint [as runMain] (node:internal/modules/run_main:171:5)
    at node:internal/main/run_main_module:36:49 {
  code: 'MODULE_NOT_FOUND',
  requireStack: []
}

Node.js v22.20.0
Could not determine Node.js install directory
🔄 Synchronisation GitHub...
From https://github.com/teetee971/SentinelQuantumVanguardAiPro
 * branch            main       -> FETCH_HEAD
error: cannot rebase: You have unstaged changes.
error: Please commit or stash them.
⚠️ Aucun rebase nécessaire
📦 Installation des dépendances...
node:internal/modules/cjs/loader:1386
  throw err;
  ^

Error: Cannot find module '/data/data/com.termux/files/usr/bin/node_modules/npm/bin/npm-prefix.js'
    at Module._resolveFilename (node:internal/modules/cjs/loader:1383:15)
    at defaultResolveImpl (node:internal/modules/cjs/loader:1025:19)
    at resolveForCJSWithHooks (node:internal/modules/cjs/loader:1030:22)
    at Module._load (node:internal/modules/cjs/loader:1192:37)
    at TracingChannel.traceSync (node:diagnostics_channel:322:14)
    at wrapModuleLoad (node:internal/modules/cjs/loader:237:24)
    at Function.executeUserEntryPoint [as runMain] (node:internal/modules/run_main:171:5)
    at node:internal/main/run_main_module:36:49 {
  code: 'MODULE_NOT_FOUND',
  requireStack: []
}

Node.js v22.20.0
Could not determine Node.js install directory
❌ Erreur d'installation npm
